app/build/intermediates/manifest_merge_blame_file/release/processReleaseMainManifest/manifest-merger-blame-release-report.txt
1<?xml version="1.0" encoding="utf-8"?>
2<!--
3    Copyright 2019 Google Inc. All Rights Reserved.
4
5     Licensed under the Apache License, Version 2.0 (the "License");
6     you may not use this file except in compliance with the License.
7     You may obtain a copy of the License at
8
9         http://www.apache.org/licenses/LICENSE-2.0
10
11     Unless required by applicable law or agreed to in writing, software
12     distributed under the License is distributed on an "AS IS" BASIS,
13     WITHOUT WARRANTIES OR CONDITIONS OF ANY KIND, either express or implied.
14     See the License for the specific language governing permissions and
15     limitations under the License.
16-->
17<!--
18 The "package" attribute is rewritten by the Gradle build with the value of applicationId.
19     It is still required here, as it is used to derive paths, for instance when referring
20     to an Activity by ".MyActivity" instead of the full name. If more Activities are added to the
21     application, the package attribute will need to reflect the correct path in order to use
22     the abbreviated format.
23-->
24<manifest xmlns:android="http://schemas.android.com/apk/res/android"
25    package="app.signalnoise.twa"
26    android:versionCode="12"
27    android:versionName="1.2.0" >
28
29    <uses-sdk
30        android:minSdkVersion="21"
31        android:targetSdkVersion="29" />
32
33    <uses-permission android:name="android.permission.POST_NOTIFICATIONS" />
33-->src/main/AndroidManifest.xml:26:9-80
33-->src/main/AndroidManifest.xml:26:26-78
34    <uses-permission android:name="android.permission.INTERNET" />
34-->src/main/AndroidManifest.xml:27:9-70
34-->src/main/AndroidManifest.xml:27:26-68
35
36    <queries>
36-->[com.google.androidbrowserhelper:androidbrowserhelper:2.6.2] AndroidManifest.xml:22:5-30:15
37        <intent>
37-->[com.google.androidbrowserhelper:androidbrowserhelper:2.6.2] AndroidManifest.xml:23:9-29:18
38            <action android:name="android.intent.action.VIEW" />
38-->src/main/AndroidManifest.xml:140:17-68
38-->src/main/AndroidManifest.xml:140:25-66
39
40            <category android:name="android.intent.category.BROWSABLE" />
40-->src/main/AndroidManifest.xml:142:17-77
40-->src/main/AndroidManifest.xml:142:27-75
41
42            <data android:scheme="https" />
42-->src/main/AndroidManifest.xml:143:17-146:19
42-->src/main/AndroidManifest.xml:143:23-45
43        </intent>
44    </queries>
45
46    <permission
46-->[androidx.core:core:1.13.0] AndroidManifest.xml:22:5-24:47
47        android:name="app.signalnoise.twa.DYNAMIC_RECEIVER_NOT_EXPORTED_PERMISSION"
47-->[androidx.core:core:1.13.0] AndroidManifest.xml:23:9-81
48        android:protectionLevel="signature" />
48-->[androidx.core:core:1.13.0] AndroidManifest.xml:24:9-44
49
50    <uses-permission android:name="app.signalnoise.twa.DYNAMIC_RECEIVER_NOT_EXPORTED_PERMISSION" />
50-->[androidx.core:core:1.13.0] AndroidManifest.xml:26:5-97
50-->[androidx.core:core:1.13.0] AndroidManifest.xml:26:22-94
51
52    <application
52-->src/main/AndroidManifest.xml:36:5-234:19
53        android:name="app.signalnoise.twa.Application"
53-->src/main/AndroidManifest.xml:37:9-35
54        android:allowBackup="true"
54-->src/main/AndroidManifest.xml:38:9-35
55        android:appComponentFactory="androidx.core.app.CoreComponentFactory"
55-->[androidx.core:core:1.13.0] AndroidManifest.xml:28:18-86
56        android:extractNativeLibs="true"
57        android:icon="@mipmap/ic_launcher"
57-->src/main/AndroidManifest.xml:39:9-43
58        android:label="@string/appName"
58-->src/main/AndroidManifest.xml:40:9-40
59        android:manageSpaceActivity="com.google.androidbrowserhelper.trusted.ManageDataLauncherActivity"
59-->src/main/AndroidManifest.xml:42:9-105
60        android:supportsRtl="true"
60-->src/main/AndroidManifest.xml:44:9-35
61        android:theme="@android:style/Theme.Translucent.NoTitleBar" >
61-->src/main/AndroidManifest.xml:45:9-68
62        <meta-data
62-->src/main/AndroidManifest.xml:47:9-49:58
63            android:name="asset_statements"
63-->src/main/AndroidManifest.xml:48:13-44
64            android:resource="@string/assetStatements" />
64-->src/main/AndroidManifest.xml:49:13-55
65        <meta-data
65-->src/main/AndroidManifest.xml:52:13-54:58
66            android:name="web_manifest_url"
66-->src/main/AndroidManifest.xml:53:17-48
67            android:value="@string/webManifestUrl" />
67-->src/main/AndroidManifest.xml:54:17-55
68        <meta-data
68-->src/main/AndroidManifest.xml:57:9-59:52
69            android:name="twa_generator"
69-->src/main/AndroidManifest.xml:58:13-41
70            android:value="@string/generatorApp" />
70-->src/main/AndroidManifest.xml:59:13-49
71
72        <activity android:name="com.google.androidbrowserhelper.trusted.ManageDataLauncherActivity" >
72-->src/main/AndroidManifest.xml:66:13-70:24
72-->src/main/AndroidManifest.xml:66:23-104
73            <meta-data
73-->src/main/AndroidManifest.xml:67:13-69:53
74                android:name="android.support.customtabs.trusted.MANAGE_SPACE_URL"
74-->src/main/AndroidManifest.xml:68:17-83
75                android:value="@string/launchUrl" />
75-->src/main/AndroidManifest.xml:69:17-50
76        </activity>
77        <activity
77-->src/main/AndroidManifest.xml:73:9-152:20
78            android:name="app.signalnoise.twa.LauncherActivity"
78-->src/main/AndroidManifest.xml:73:19-50
79            android:alwaysRetainTaskState="true"
79-->src/main/AndroidManifest.xml:74:13-49
80            android:exported="true"
80-->src/main/AndroidManifest.xml:76:13-36
81            android:label="@string/launcherName" >
81-->src/main/AndroidManifest.xml:75:13-49
82            <meta-data
82-->src/main/AndroidManifest.xml:77:13-78:53
83                android:name="android.support.customtabs.trusted.DEFAULT_URL"
83-->src/main/AndroidManifest.xml:77:24-85
84                android:value="@string/launchUrl" />
84-->src/main/AndroidManifest.xml:78:17-50
85            <meta-data
85-->src/main/AndroidManifest.xml:80:13-82:58
86                android:name="android.support.customtabs.trusted.STATUS_BAR_COLOR"
86-->src/main/AndroidManifest.xml:81:17-83
87                android:resource="@color/colorPrimary" />
87-->src/main/AndroidManifest.xml:82:17-55
88            <meta-data
88-->src/main/AndroidManifest.xml:86:13-88:62
89                android:name="android.support.customtabs.trusted.STATUS_BAR_COLOR_DARK"
89-->src/main/AndroidManifest.xml:87:17-88
90                android:resource="@color/colorPrimaryDark" />
90-->src/main/AndroidManifest.xml:88:17-59
91            <meta-data
91-->src/main/AndroidManifest.xml:90:13-92:61
92                android:name="android.support.customtabs.trusted.NAVIGATION_BAR_COLOR"
92-->src/main/AndroidManifest.xml:91:17-87
93                android:resource="@color/navigationColor" />
93-->src/main/AndroidManifest.xml:92:17-58
94            <meta-data
94-->src/main/AndroidManifest.xml:94:13-96:65
95                android:name="android.support.customtabs.trusted.NAVIGATION_BAR_COLOR_DARK"
95-->src/main/AndroidManifest.xml:95:17-92
96                android:resource="@color/navigationColorDark" />
96-->src/main/AndroidManifest.xml:96:17-62
97            <meta-data
97-->src/main/AndroidManifest.xml:98:13-100:68
98                android:name="androix.browser.trusted.NAVIGATION_BAR_DIVIDER_COLOR"
98-->src/main/AndroidManifest.xml:99:17-84
99                android:resource="@color/navigationDividerColor" />
99-->src/main/AndroidManifest.xml:100:17-65
100            <meta-data
100-->src/main/AndroidManifest.xml:102:13-104:72
101                android:name="androix.browser.trusted.NAVIGATION_BAR_DIVIDER_COLOR_DARK"
101-->src/main/AndroidManifest.xml:103:17-89
102                android:resource="@color/navigationDividerColorDark" />
102-->src/main/AndroidManifest.xml:104:17-69
103            <meta-data
103-->src/main/AndroidManifest.xml:106:13-107:54
104                android:name="android.support.customtabs.trusted.SPLASH_IMAGE_DRAWABLE"
104-->src/main/AndroidManifest.xml:106:24-95
105                android:resource="@drawable/splash" />
105-->src/main/AndroidManifest.xml:107:17-52
106            <meta-data
106-->src/main/AndroidManifest.xml:109:13-110:60
107                android:name="android.support.customtabs.trusted.SPLASH_SCREEN_BACKGROUND_COLOR"
107-->src/main/AndroidManifest.xml:109:24-104
108                android:resource="@color/backgroundColor" />
108-->src/main/AndroidManifest.xml:110:17-58
109            <meta-data
109-->src/main/AndroidManifest.xml:112:13-113:71
110                android:name="android.support.customtabs.trusted.SPLASH_SCREEN_FADE_OUT_DURATION"
110-->src/main/AndroidManifest.xml:112:24-105
111                android:value="@integer/splashScreenFadeOutDuration" />
111-->src/main/AndroidManifest.xml:113:17-69
112            <meta-data
112-->src/main/AndroidManifest.xml:115:13-116:60
113                android:name="android.support.customtabs.trusted.FILE_PROVIDER_AUTHORITY"
113-->src/main/AndroidManifest.xml:115:24-97
114                android:value="@string/providerAuthority" />
114-->src/main/AndroidManifest.xml:116:17-58
115            <meta-data
115-->src/main/AndroidManifest.xml:118:13-97
116                android:name="android.app.shortcuts"
116-->src/main/AndroidManifest.xml:118:24-60
117                android:resource="@xml/shortcuts" />
117-->src/main/AndroidManifest.xml:118:61-94
118            <meta-data
118-->src/main/AndroidManifest.xml:120:13-121:56
119                android:name="android.support.customtabs.trusted.FALLBACK_STRATEGY"
119-->src/main/AndroidManifest.xml:120:24-91
120                android:value="@string/fallbackType" />
120-->src/main/AndroidManifest.xml:121:17-53
121            <meta-data
121-->src/main/AndroidManifest.xml:127:13-128:54
122                android:name="android.support.customtabs.trusted.SCREEN_ORIENTATION"
122-->src/main/AndroidManifest.xml:127:24-92
123                android:value="@string/orientation" />
123-->src/main/AndroidManifest.xml:128:17-52
124
125            <intent-filter>
125-->src/main/AndroidManifest.xml:134:13-137:29
126                <action android:name="android.intent.action.MAIN" />
126-->src/main/AndroidManifest.xml:135:17-69
126-->src/main/AndroidManifest.xml:135:25-66
127
128                <category android:name="android.intent.category.LAUNCHER" />
128-->src/main/AndroidManifest.xml:136:17-77
128-->src/main/AndroidManifest.xml:136:27-74
129            </intent-filter>
130            <intent-filter android:autoVerify="true" >
130-->src/main/AndroidManifest.xml:139:13-147:29
130-->src/main/AndroidManifest.xml:139:28-53
131                <action android:name="android.intent.action.VIEW" />
131-->src/main/AndroidManifest.xml:140:17-68
131-->src/main/AndroidManifest.xml:140:25-66
132
133                <category android:name="android.intent.category.DEFAULT" />
133-->src/main/AndroidManifest.xml:141:17-76
133-->src/main/AndroidManifest.xml:141:27-73
134                <category android:name="android.intent.category.BROWSABLE" />
134-->src/main/AndroidManifest.xml:142:17-77
134-->src/main/AndroidManifest.xml:142:27-75
135
136                <data
136-->src/main/AndroidManifest.xml:143:17-146:19
137                    android:host="@string/hostName"
137-->src/main/AndroidManifest.xml:144:21-52
138                    android:scheme="https" />
138-->src/main/AndroidManifest.xml:143:23-45
139            </intent-filter>
140        </activity>
141        <activity android:name="com.google.androidbrowserhelper.trusted.FocusActivity" />
141-->src/main/AndroidManifest.xml:154:9-90
141-->src/main/AndroidManifest.xml:154:19-87
142        <activity
142-->src/main/AndroidManifest.xml:156:9-157:62
143            android:name="com.google.androidbrowserhelper.trusted.WebViewFallbackActivity"
143-->src/main/AndroidManifest.xml:156:19-97
144            android:configChanges="orientation|screenSize" />
144-->src/main/AndroidManifest.xml:157:13-59
145
146        <provider
146-->src/main/AndroidManifest.xml:159:9-167:20
147            android:name="androidx.core.content.FileProvider"
147-->src/main/AndroidManifest.xml:160:13-62
148            android:authorities="@string/providerAuthority"
148-->src/main/AndroidManifest.xml:161:13-60
149            android:exported="false"
149-->src/main/AndroidManifest.xml:163:13-37
150            android:grantUriPermissions="true" >
150-->src/main/AndroidManifest.xml:162:13-47
151            <meta-data
151-->src/main/AndroidManifest.xml:164:13-166:53
152                android:name="android.support.FILE_PROVIDER_PATHS"
152-->src/main/AndroidManifest.xml:165:17-67
153                android:resource="@xml/filepaths" />
153-->src/main/AndroidManifest.xml:166:17-50
154        </provider>
155
156        <!-- WINNER: Progress Bar with 30-second refresh -->
157        <receiver
157-->src/main/AndroidManifest.xml:171:9-180:20
158            android:name="app.signalnoise.twa.widget.WinnerProgress30s"
158-->src/main/AndroidManifest.xml:171:19-59
159            android:exported="true"
159-->src/main/AndroidManifest.xml:172:13-36
160            android:label="Progress_Winner" >
160-->src/main/AndroidManifest.xml:173:13-44
161            <intent-filter>
161-->src/main/AndroidManifest.xml:174:13-176:29
162                <action android:name="android.appwidget.action.APPWIDGET_UPDATE" />
162-->src/main/AndroidManifest.xml:175:17-84
162-->src/main/AndroidManifest.xml:175:25-81
163            </intent-filter>
164
165            <meta-data
165-->src/main/AndroidManifest.xml:177:13-179:62
166                android:name="android.appwidget.provider"
166-->src/main/AndroidManifest.xml:178:17-58
167                android:resource="@xml/widget_sn2x1p_info" />
167-->src/main/AndroidManifest.xml:179:17-59
168        </receiver>
169
170        <!-- WINNER: Quantum Particles (proven revolutionary visual) -->
171        <receiver
171-->src/main/AndroidManifest.xml:183:9-186:20
172            android:name="app.signalnoise.twa.widget.QWinner"
172-->src/main/AndroidManifest.xml:183:19-49
173            android:exported="true"
173-->src/main/AndroidManifest.xml:183:50-73
174            android:label="QWinner" >
174-->src/main/AndroidManifest.xml:183:74-97
175            <intent-filter>
175-->src/main/AndroidManifest.xml:174:13-176:29
176                <action android:name="android.appwidget.action.APPWIDGET_UPDATE" />
176-->src/main/AndroidManifest.xml:175:17-84
176-->src/main/AndroidManifest.xml:175:25-81
177            </intent-filter>
178
179            <meta-data
179-->src/main/AndroidManifest.xml:177:13-179:62
180                android:name="android.appwidget.provider"
180-->src/main/AndroidManifest.xml:178:17-58
181                android:resource="@xml/widget_quantum_info" />
181-->src/main/AndroidManifest.xml:179:17-59
182        </receiver>
183
184        <!-- REVOLUTIONARY: Flow State Meditation Guide -->
185        <receiver
185-->src/main/AndroidManifest.xml:189:9-192:20
186            android:name="app.signalnoise.twa.widget.F"
186-->src/main/AndroidManifest.xml:189:19-43
187            android:exported="true"
187-->src/main/AndroidManifest.xml:189:44-67
188            android:label="F" >
188-->src/main/AndroidManifest.xml:189:68-85
189            <intent-filter>
189-->src/main/AndroidManifest.xml:174:13-176:29
190                <action android:name="android.appwidget.action.APPWIDGET_UPDATE" />
190-->src/main/AndroidManifest.xml:175:17-84
190-->src/main/AndroidManifest.xml:175:25-81
191            </intent-filter>
192
193            <meta-data
193-->src/main/AndroidManifest.xml:177:13-179:62
194                android:name="android.appwidget.provider"
194-->src/main/AndroidManifest.xml:178:17-58
195                android:resource="@xml/widget_flow_info" />
195-->src/main/AndroidManifest.xml:179:17-59
196        </receiver>
197
198        <!-- Widget Update Receiver -->
199        <receiver
199-->src/main/AndroidManifest.xml:195:9-200:20
200            android:name="app.signalnoise.twa.widget.WidgetUpdateReceiver"
200-->src/main/AndroidManifest.xml:195:19-62
201            android:exported="false" >
201-->src/main/AndroidManifest.xml:196:13-37
202            <intent-filter>
202-->src/main/AndroidManifest.xml:197:13-199:29
203                <action android:name="app.signalnoise.twa.UPDATE_WIDGET" />
203-->src/main/AndroidManifest.xml:198:17-76
203-->src/main/AndroidManifest.xml:198:25-73
204            </intent-filter>
205        </receiver>
206
207        <!-- Widget Update Service for data synchronization -->
208        <service
208-->src/main/AndroidManifest.xml:203:9-205:72
209            android:name="app.signalnoise.twa.WidgetUpdateService"
209-->src/main/AndroidManifest.xml:203:18-53
210            android:exported="false"
210-->src/main/AndroidManifest.xml:204:13-37
211            android:permission="android.permission.BIND_JOB_SERVICE" />
211-->src/main/AndroidManifest.xml:205:13-69
212        <service
212-->src/main/AndroidManifest.xml:208:9-223:19
213            android:name="app.signalnoise.twa.DelegationService"
213-->src/main/AndroidManifest.xml:209:13-46
214            android:enabled="@bool/enableNotification"
214-->src/main/AndroidManifest.xml:210:13-55
215            android:exported="@bool/enableNotification" >
215-->src/main/AndroidManifest.xml:211:13-56
216            <meta-data
216-->src/main/AndroidManifest.xml:214:17-216:73
217                android:name="android.support.customtabs.trusted.SMALL_ICON"
217-->src/main/AndroidManifest.xml:215:21-81
218                android:resource="@drawable/ic_notification_icon" />
218-->src/main/AndroidManifest.xml:216:21-70
219
220            <intent-filter>
220-->src/main/AndroidManifest.xml:219:13-222:29
221                <action android:name="android.support.customtabs.trusted.TRUSTED_WEB_ACTIVITY_SERVICE" />
221-->src/main/AndroidManifest.xml:220:17-105
221-->src/main/AndroidManifest.xml:220:25-103
222
223                <category android:name="android.intent.category.DEFAULT" />
223-->src/main/AndroidManifest.xml:141:17-76
223-->src/main/AndroidManifest.xml:141:27-73
224            </intent-filter>
225        </service>
226
227        <activity android:name="com.google.androidbrowserhelper.trusted.NotificationPermissionRequestActivity" />
227-->src/main/AndroidManifest.xml:226:13-118
227-->src/main/AndroidManifest.xml:226:23-115
228
229        <!-- Data polling service for widget updates -->
230        <service
230-->src/main/AndroidManifest.xml:231:9-232:45
231            android:name="app.signalnoise.twa.widget.DataPollingService"
231-->src/main/AndroidManifest.xml:231:18-59
232            android:exported="false" />
232-->src/main/AndroidManifest.xml:232:18-42
233
234        <provider
234-->[androidx.emoji2:emoji2:1.3.0] AndroidManifest.xml:24:9-32:20
235            android:name="androidx.startup.InitializationProvider"
235-->[androidx.emoji2:emoji2:1.3.0] AndroidManifest.xml:25:13-67
236            android:authorities="app.signalnoise.twa.androidx-startup"
236-->[androidx.emoji2:emoji2:1.3.0] AndroidManifest.xml:26:13-68
237            android:exported="false" >
237-->[androidx.emoji2:emoji2:1.3.0] AndroidManifest.xml:27:13-37
238            <meta-data
238-->[androidx.emoji2:emoji2:1.3.0] AndroidManifest.xml:29:13-31:52
239                android:name="androidx.emoji2.text.EmojiCompatInitializer"
239-->[androidx.emoji2:emoji2:1.3.0] AndroidManifest.xml:30:17-75
240                android:value="androidx.startup" />
240-->[androidx.emoji2:emoji2:1.3.0] AndroidManifest.xml:31:17-49
241            <meta-data
241-->[androidx.lifecycle:lifecycle-process:2.6.2] AndroidManifest.xml:29:13-31:52
242                android:name="androidx.lifecycle.ProcessLifecycleInitializer"
242-->[androidx.lifecycle:lifecycle-process:2.6.2] AndroidManifest.xml:30:17-78
243                android:value="androidx.startup" />
243-->[androidx.lifecycle:lifecycle-process:2.6.2] AndroidManifest.xml:31:17-49
244            <meta-data
244-->[androidx.profileinstaller:profileinstaller:1.3.1] AndroidManifest.xml:29:13-31:52
245                android:name="androidx.profileinstaller.ProfileInstallerInitializer"
245-->[androidx.profileinstaller:profileinstaller:1.3.1] AndroidManifest.xml:30:17-85
246                android:value="androidx.startup" />
246-->[androidx.profileinstaller:profileinstaller:1.3.1] AndroidManifest.xml:31:17-49
247        </provider>
248
249        <receiver
249-->[androidx.profileinstaller:profileinstaller:1.3.1] AndroidManifest.xml:34:9-52:20
250            android:name="androidx.profileinstaller.ProfileInstallReceiver"
250-->[androidx.profileinstaller:profileinstaller:1.3.1] AndroidManifest.xml:35:13-76
251            android:directBootAware="false"
251-->[androidx.profileinstaller:profileinstaller:1.3.1] AndroidManifest.xml:36:13-44
252            android:enabled="true"
252-->[androidx.profileinstaller:profileinstaller:1.3.1] AndroidManifest.xml:37:13-35
253            android:exported="true"
253-->[androidx.profileinstaller:profileinstaller:1.3.1] AndroidManifest.xml:38:13-36
254            android:permission="android.permission.DUMP" >
254-->[androidx.profileinstaller:profileinstaller:1.3.1] AndroidManifest.xml:39:13-57
255            <intent-filter>
255-->[androidx.profileinstaller:profileinstaller:1.3.1] AndroidManifest.xml:40:13-42:29
256                <action android:name="androidx.profileinstaller.action.INSTALL_PROFILE" />
256-->[androidx.profileinstaller:profileinstaller:1.3.1] AndroidManifest.xml:41:17-91
256-->[androidx.profileinstaller:profileinstaller:1.3.1] AndroidManifest.xml:41:25-88
257            </intent-filter>
258            <intent-filter>
258-->[androidx.profileinstaller:profileinstaller:1.3.1] AndroidManifest.xml:43:13-45:29
259                <action android:name="androidx.profileinstaller.action.SKIP_FILE" />
259-->[androidx.profileinstaller:profileinstaller:1.3.1] AndroidManifest.xml:44:17-85
259-->[androidx.profileinstaller:profileinstaller:1.3.1] AndroidManifest.xml:44:25-82
260            </intent-filter>
261            <intent-filter>
261-->[androidx.profileinstaller:profileinstaller:1.3.1] AndroidManifest.xml:46:13-48:29
262                <action android:name="androidx.profileinstaller.action.SAVE_PROFILE" />
262-->[androidx.profileinstaller:profileinstaller:1.3.1] AndroidManifest.xml:47:17-88
262-->[androidx.profileinstaller:profileinstaller:1.3.1] AndroidManifest.xml:47:25-85
263            </intent-filter>
264            <intent-filter>
264-->[androidx.profileinstaller:profileinstaller:1.3.1] AndroidManifest.xml:49:13-51:29
265                <action android:name="androidx.profileinstaller.action.BENCHMARK_OPERATION" />
265-->[androidx.profileinstaller:profileinstaller:1.3.1] AndroidManifest.xml:50:17-95
265-->[androidx.profileinstaller:profileinstaller:1.3.1] AndroidManifest.xml:50:25-92
266            </intent-filter>
267        </receiver>
268    </application>
269
270</manifest>